<?xml version="1.0" encoding="UTF-8"?>
<!-- Generated by org.testng.reporters.JUnitXMLReporter -->
<testsuite ignored="0" hostname="JCI-MH68" failures="1" tests="4" name="CMS App Test Cases" time="2.437" errors="0" timestamp="2023-06-08T14:38:13 IST">
  <testcase classname="com.csm.qa.test.LoginPageTest" name="LoginWithValidCredentials" time="2.385">
    <failure type="java.lang.NullPointerException" message="Cannot invoke &amp;quot;org.openqa.selenium.SearchContext.findElement(org.openqa.selenium.By)&amp;quot; because &amp;quot;this.searchContext&amp;quot; is null">
      <![CDATA[java.lang.NullPointerException: Cannot invoke "org.openqa.selenium.SearchContext.findElement(org.openqa.selenium.By)" because "this.searchContext" is null
at org.openqa.selenium.support.pagefactory.DefaultElementLocator.findElement(DefaultElementLocator.java:70)
at org.openqa.selenium.support.pagefactory.internal.LocatingElementHandler.invoke(LocatingElementHandler.java:39)
at jdk.proxy2/jdk.proxy2.$Proxy14.sendKeys(Unknown Source)
at com.csm.qa.pages.LoginPage.loginCredentials(LoginPage.java:45)
at com.csm.qa.test.LoginPageTest.LoginWithValidCredentials(LoginPageTest.java:27)
at java.base/java.util.ArrayList.forEach(ArrayList.java:1511)
... Removed 25 stack frames]]>
    </failure>
  </testcase> <!-- LoginWithValidCredentials -->
  <testcase classname="com.csm.qa.test.LoginPageTest" name="DemoTest2" time="0.002"/>
  <testcase classname="com.csm.qa.test.LoginPageTest" name="DemoTest3" time="0.001"/>
  <testcase classname="com.csm.qa.test.LoginPageTest" name="DemoTest4" time="0.002"/>
</testsuite> <!-- CMS App Test Cases -->
